
--- 2025-09-26T18:16:24.165Z debug
🪵  Writing logs to "/Users/parkerrex/.config/.wrangler/logs/wrangler-2025-09-26_18-16-24_082.log"
---

--- 2025-09-26T18:16:24.165Z debug
Metrics dispatcher: Posting data {"deviceId":"e20ff3a7-18dd-4c16-9f6b-64dcd43f102f","event":"wrangler command started","timestamp":1758910584165,"properties":{"amplitude_session_id":1758910584163,"amplitude_event_id":0,"wranglerVersion":"4.38.0","osPlatform":"Mac OS","osVersion":"Darwin Kernel Version 24.6.0: Mon Jul 14 11:30:29 PDT 2025; root:xnu-11417.140.69~1/RELEASE_ARM64_T6000","nodeVersion":22,"packageManager":"npm","isFirstUsage":true,"configFileType":"toml","isCI":false,"isPagesCI":false,"isWorkersCI":false,"isInteractive":false,"hasAssets":false,"argsUsed":["port"],"argsCombination":"port","command":"wrangler dev","args":{"port":3002,"xRemoteBindings":true,"latest":true,"noBundle":false,"remote":false,"r":false,"testScheduled":false,"xVectorizeBindToProd":false,"xImagesLocalMode":false,"script":"<REDACTED>"}}}
---

--- 2025-09-26T18:16:24.169Z debug
.env file not found at "/Users/parkerrex/Developer/projects/zeke/apps/engine/.env". Continuing... For more details, refer to https://developers.cloudflare.com/workers/wrangler/system-environment-variables/
---

--- 2025-09-26T18:16:24.169Z debug
.env file not found at "/Users/parkerrex/Developer/projects/zeke/apps/engine/.env.local". Continuing... For more details, refer to https://developers.cloudflare.com/workers/wrangler/system-environment-variables/
---

--- 2025-09-26T18:16:25.879Z log

 ⛅️ wrangler 4.38.0 (update available 4.40.2)
─────────────────────────────────────────────
---

--- 2025-09-26T18:16:25.899Z debug
local dev variables file not found at ".dev.vars". Continuing... For more details, refer to https://developers.cloudflare.com/workers/wrangler/system-environment-variables/
---

--- 2025-09-26T18:16:25.900Z debug
.env file not found at "/Users/parkerrex/Developer/projects/zeke/apps/engine/.env". Continuing... For more details, refer to https://developers.cloudflare.com/workers/wrangler/system-environment-variables/
---

--- 2025-09-26T18:16:25.900Z debug
.env file not found at "/Users/parkerrex/Developer/projects/zeke/apps/engine/.env.local". Continuing... For more details, refer to https://developers.cloudflare.com/workers/wrangler/system-environment-variables/
---

--- 2025-09-26T18:16:25.900Z log
Your Worker has access to the following bindings:
---

--- 2025-09-26T18:16:25.900Z log
Binding                                  Resource                  Mode
---

--- 2025-09-26T18:16:25.900Z log
env.TRIGGER_PROJECT_ID ("")              Environment Variable      local
---

--- 2025-09-26T18:16:25.900Z log
env.TRIGGER_SECRET_KEY ("")              Environment Variable      local
---

--- 2025-09-26T18:16:25.900Z log
env.TRIGGER_WEBHOOK_SECRET ("")          Environment Variable      local
---

--- 2025-09-26T18:16:25.901Z log
env.API_SECRET_KEY ("")                  Environment Variable      local
---

--- 2025-09-26T18:16:25.901Z log
env.YOUTUBE_API_KEY ("")                 Environment Variable      local
---

--- 2025-09-26T18:16:25.901Z log
env.YOUTUBE_QUOTA_LIMIT ("0")            Environment Variable      local
---

--- 2025-09-26T18:16:25.901Z log
env.YOUTUBE_QUOTA_RESET_HOUR ("0")       Environment Variable      local
---

--- 2025-09-26T18:16:25.901Z log
env.YOUTUBE_RATE_LIMIT_BUFFER ("0")      Environment Variable      local
---

--- 2025-09-26T18:16:25.901Z log

---

--- 2025-09-26T18:16:25.949Z debug
RemoteRuntimeController teardown beginning...
---

--- 2025-09-26T18:16:25.949Z debug
RemoteRuntimeController teardown complete
---

--- 2025-09-26T18:16:25.962Z log
⎔ Starting local server...
---

--- 2025-09-26T18:16:26.948Z debug
[InspectorProxyWorker] handleProxyControllerIncomingMessage {"type":"reloadStart"}
---

--- 2025-09-26T18:16:26.951Z debug
[InspectorProxyWorker] handleProxyControllerIncomingMessage {"type":"reloadComplete","proxyData":{"userWorkerUrl":{"protocol":"http:","hostname":"127.0.0.1","port":"50380"},"userWorkerInspectorUrl":{"protocol":"ws:","hostname":"127.0.0.1","port":"50377","pathname":"/core:user:worker"},"userWorkerInnerUrlOverrides":{"protocol":"http:"},"headers":{"MF-Proxy-Shared-Secret":"2e3b2dfd-96e5-4ba1-b81d-45ac580f433b"},"liveReload":false,"proxyLogsToController":false}}
---

--- 2025-09-26T18:16:26.952Z debug
[InspectorProxyWorker] reconnectRuntimeWebSocket
---

--- 2025-09-26T18:16:26.953Z debug
[InspectorProxyWorker] NEW RUNTIME WEBSOCKET http://127.0.0.1:50377/core:user:worker
---

--- 2025-09-26T18:16:26.954Z debug
[InspectorProxyWorker] SEND TO DEVTOOLS {"method":"Runtime.executionContextsCleared"}
---

--- 2025-09-26T18:16:26.956Z debug
[InspectorProxyWorker] RUNTIME WEBSOCKET OPENED
---

--- 2025-09-26T18:16:26.958Z debug
[InspectorProxyWorker] SEND TO RUNTIME {"method":"Runtime.enable","id":100000001}
---

--- 2025-09-26T18:16:26.959Z debug
[InspectorProxyWorker] SEND TO RUNTIME {"method":"Debugger.enable","id":100000002}
---

--- 2025-09-26T18:16:26.959Z debug
[InspectorProxyWorker] SEND TO RUNTIME {"method":"Network.enable","id":100000003}
---

--- 2025-09-26T18:16:26.960Z debug
[InspectorProxyWorker] RUNTIME INCOMING MESSAGE {
  method: 'Runtime.executionContextCreated',
  params: {
    context: {
      id: 402670369,
      origin: '',
      name: 'Worker',
      uniqueId: '-3955580648661373440.8088945295638550574'
    }
  }
}
---

--- 2025-09-26T18:16:26.960Z debug
[InspectorProxyWorker] RUNTIME INCOMING MESSAGE { id: 100000001, result: {} }
---

--- 2025-09-26T18:16:26.964Z debug
[InspectorProxyWorker] RUNTIME INCOMING MESSAGE {
  method: 'Debugger.scriptParsed',
  params: {
    scriptId: '3',
    url: 'file:///Users/parkerrex/Developer/projects/zeke/apps/engine/.wrangler/tmp/dev-8GoWeo/index.js',
    startLine: 0,
    startColumn: 0,
    endLine: 8732,
    endColumn: 107,
    executionContextId: 402670369,
    hash: 'ad392ca4381998e57edffd0bbd43ebe684cdd9245aee01edf94e4e78b23c1909',
    buildId: '',
    isLiveEdit: false,
    sourceMapURL: 'index.js.map',
    hasSourceURL: true,
    isModule: true,
    length: 272807,
    scriptLanguage: 'JavaScript',
    embedderName: 'index.js'
  }
}
---

--- 2025-09-26T18:16:26.964Z debug
[InspectorProxyWorker] RUNTIME INCOMING MESSAGE {
  method: 'Debugger.scriptParsed',
  params: {
    scriptId: '4',
    url: 'node:stream',
    startLine: 0,
    startColumn: 0,
    endLine: 77,
    endColumn: 0,
    executionContextId: 402670369,
    hash: '2077e02a9b7ac882d90c83459078e5695527026ea4e597c4e94c9b2ebc00ac6e',
    buildId: '',
    isLiveEdit: false,
    sourceMapURL: '',
    hasSourceURL: false,
    isModule: true,
    length: 2074,
    scriptLanguage: 'JavaScript',
    embedderName: 'node:stream'
  }
}
---

--- 2025-09-26T18:16:26.964Z debug
[InspectorProxyWorker] RUNTIME INCOMING MESSAGE {
  method: 'Debugger.scriptParsed',
  params: {
    scriptId: '5',
    url: 'node:events',
    startLine: 0,
    startColumn: 0,
    endLine: 6,
    endColumn: 0,
    executionContextId: 402670369,
    hash: 'a65a3cd6cc39ee3536ce5eb0ad88d6947a2c69b7b96ed288248a2d28cc5de598',
    buildId: '',
    isLiveEdit: false,
    sourceMapURL: '',
    hasSourceURL: false,
    isModule: true,
    length: 257,
    scriptLanguage: 'JavaScript',
    embedderName: 'node:events'
  }
}
---

--- 2025-09-26T18:16:26.965Z debug
[InspectorProxyWorker] RUNTIME INCOMING MESSAGE {
  method: 'Debugger.scriptParsed',
  params: {
    scriptId: '6',
    url: 'node-internal:streams_pipeline',
    startLine: 0,
    startColumn: 0,
    endLine: 433,
    endColumn: 0,
    executionContextId: 402670369,
    hash: 'f08fd1b231501eaadd5242ea9b56fa70307d8f13b913ea24564d900f98b1aef8',
    buildId: '',
    isLiveEdit: false,
    sourceMapURL: '',
    hasSourceURL: false,
    isModule: true,
    length: 11764,
    scriptLanguage: 'JavaScript',
    embedderName: 'node-internal:streams_pipeline'
  }
}
---

--- 2025-09-26T18:16:26.965Z debug
[InspectorProxyWorker] RUNTIME INCOMING MESSAGE {
  method: 'Debugger.scriptParsed',
  params: {
    scriptId: '7',
    url: 'node-internal:streams_util',
    startLine: 0,
    startColumn: 0,
    endLine: 1145,
    endColumn: 0,
    executionContextId: 402670369,
    hash: '517361e26d5ec5bc46fa8cdc2f1b3884bbde165caf77e00436f7d29ad3ce28ef',
    buildId: '',
    isLiveEdit: false,
    sourceMapURL: '',
    hasSourceURL: false,
    isModule: true,
    length: 30934,
    scriptLanguage: 'JavaScript',
    embedderName: 'node-internal:streams_util'
  }
}
---

--- 2025-09-26T18:16:26.965Z debug
[InspectorProxyWorker] RUNTIME INCOMING MESSAGE {
  method: 'Debugger.scriptParsed',
  params: {
    scriptId: '8',
    url: 'node-internal:streams_compose',
    startLine: 0,
    startColumn: 0,
    endLine: 189,
    endColumn: 0,
    executionContextId: 402670369,
    hash: '5977d5ed2050ff41ea7a314b3c9e0a9574024384ded762430d165b23e89aa109',
    buildId: '',
    isLiveEdit: false,
    sourceMapURL: '',
    hasSourceURL: false,
    isModule: true,
    length: 5083,
    scriptLanguage: 'JavaScript',
    embedderName: 'node-internal:streams_compose'
  }
}
---

--- 2025-09-26T18:16:26.965Z debug
[InspectorProxyWorker] RUNTIME INCOMING MESSAGE {
  method: 'Debugger.scriptParsed',
  params: {
    scriptId: '9',
    url: 'node-internal:streams_legacy',
    startLine: 0,
    startColumn: 0,
    endLine: 111,
    endColumn: 0,
    executionContextId: 402670369,
    hash: '5bd0f45271102ab261eed3f1f6fc70288e60dcf52c68bea30ed873db52509c9d',
    buildId: '',
    isLiveEdit: false,
    sourceMapURL: '',
    hasSourceURL: false,
    isModule: true,
    length: 3878,
    scriptLanguage: 'JavaScript',
    embedderName: 'node-internal:streams_legacy'
  }
}
---

--- 2025-09-26T18:16:26.965Z debug
[InspectorProxyWorker] RUNTIME INCOMING MESSAGE {
  method: 'Debugger.scriptParsed',
  params: {
    scriptId: '10',
    url: 'node-internal:streams_writable',
    startLine: 0,
    startColumn: 0,
    endLine: 1140,
    endColumn: 0,
    executionContextId: 402670369,
    hash: '7e98ca9b978864e1b01d74a5c20209f7441895a40f050dc2371bedd5e2e4d7a5',
    buildId: '',
    isLiveEdit: false,
    sourceMapURL: '',
    hasSourceURL: false,
    isModule: true,
    length: 32446,
    scriptLanguage: 'JavaScript',
    embedderName: 'node-internal:streams_writable'
  }
}
---

--- 2025-09-26T18:16:26.965Z debug
[InspectorProxyWorker] RUNTIME INCOMING MESSAGE {
  method: 'Debugger.scriptParsed',
  params: {
    scriptId: '11',
    url: 'node-internal:streams_readable',
    startLine: 0,
    startColumn: 0,
    endLine: 2041,
    endColumn: 0,
    executionContextId: 402670369,
    hash: '05bc1eb9e1f61e14200b7de1a1e10cf3c7a656715bfb0bc058e2f98da2946206',
    buildId: '',
    isLiveEdit: false,
    sourceMapURL: '',
    hasSourceURL: false,
    isModule: true,
    length: 58839,
    scriptLanguage: 'JavaScript',
    embedderName: 'node-internal:streams_readable'
  }
}
---

--- 2025-09-26T18:16:26.966Z debug
[InspectorProxyWorker] RUNTIME INCOMING MESSAGE {
  method: 'Debugger.scriptParsed',
  params: {
    scriptId: '12',
    url: 'node-internal:streams_duplex',
    startLine: 0,
    startColumn: 0,
    endLine: 923,
    endColumn: 0,
    executionContextId: 402670369,
    hash: 'e5c45609399d313924fa498406fb532ad337732c6ef65de94acf2fe07561d551',
    buildId: '',
    isLiveEdit: false,
    sourceMapURL: '',
    hasSourceURL: false,
    isModule: true,
    length: 23218,
    scriptLanguage: 'JavaScript',
    embedderName: 'node-internal:streams_duplex'
  }
}
---

--- 2025-09-26T18:16:26.966Z debug
[InspectorProxyWorker] RUNTIME INCOMING MESSAGE {
  method: 'Debugger.scriptParsed',
  params: {
    scriptId: '13',
    url: 'node-internal:streams_transform',
    startLine: 0,
    startColumn: 0,
    endLine: 211,
    endColumn: 0,
    executionContextId: 402670369,
    hash: 'ae5291e2e4e5abe061433e467741c8c80c18335db2f6125c9756d8dc9788b846',
    buildId: '',
    isLiveEdit: false,
    sourceMapURL: '',
    hasSourceURL: false,
    isModule: true,
    length: 7660,
    scriptLanguage: 'JavaScript',
    embedderName: 'node-internal:streams_transform'
  }
}
---

--- 2025-09-26T18:16:26.966Z debug
[InspectorProxyWorker] RUNTIME INCOMING MESSAGE {
  method: 'Debugger.scriptParsed',
  params: {
    scriptId: '14',
    url: 'node-internal:streams_promises',
    startLine: 0,
    startColumn: 0,
    endLine: 67,
    endColumn: 0,
    executionContextId: 402670369,
    hash: 'a3fa68d2502078230498ae31cf8aef82ec60e7e037149b055e3b5e3079f97a46',
    buildId: '',
    isLiveEdit: false,
    sourceMapURL: '',
    hasSourceURL: false,
    isModule: true,
    length: 2134,
    scriptLanguage: 'JavaScript',
    embedderName: 'node-internal:streams_promises'
  }
}
---

--- 2025-09-26T18:16:26.967Z debug
[InspectorProxyWorker] RUNTIME INCOMING MESSAGE {
  method: 'Debugger.scriptParsed',
  params: {
    scriptId: '16',
    url: 'node-internal:internal_errors',
    startLine: 0,
    startColumn: 0,
    endLine: 731,
    endColumn: 0,
    executionContextId: 402670369,
    hash: '6875e2ae178bb70b43def89e0418291ff27882a3f0ffb801dbeecc919a2fd168',
    buildId: '',
    isLiveEdit: false,
    sourceMapURL: '',
    hasSourceURL: false,
    isModule: true,
    length: 25127,
    scriptLanguage: 'JavaScript',
    embedderName: 'node-internal:internal_errors'
  }
}
---

--- 2025-09-26T18:16:26.967Z debug
[InspectorProxyWorker] RUNTIME INCOMING MESSAGE {
  method: 'Debugger.scriptParsed',
  params: {
    scriptId: '15',
    url: 'node-internal:internal_process',
    startLine: 0,
    startColumn: 0,
    endLine: 250,
    endColumn: 0,
    executionContextId: 402670369,
    hash: '39703a39155a7041d8e2e527224e8f686bc470bb173a5ecdde6f8d7dde7a9f96',
    buildId: '',
    isLiveEdit: false,
    sourceMapURL: '',
    hasSourceURL: false,
    isModule: true,
    length: 12088,
    scriptLanguage: 'JavaScript',
    embedderName: 'node-internal:internal_process'
  }
}
---

--- 2025-09-26T18:16:26.967Z debug
[InspectorProxyWorker] RUNTIME INCOMING MESSAGE {
  method: 'Debugger.scriptParsed',
  params: {
    scriptId: '17',
    url: 'node-internal:validators',
    startLine: 0,
    startColumn: 0,
    endLine: 274,
    endColumn: 0,
    executionContextId: 402670369,
    hash: 'cdff30eaf24afbd25fc7b35e3d738ac59f071820f7be4eae69d2f0f771b03469',
    buildId: '',
    isLiveEdit: false,
    sourceMapURL: '',
    hasSourceURL: false,
    isModule: true,
    length: 10706,
    scriptLanguage: 'JavaScript',
    embedderName: 'node-internal:validators'
  }
}
---

--- 2025-09-26T18:16:26.967Z debug
[InspectorProxyWorker] RUNTIME INCOMING MESSAGE {
  method: 'Debugger.scriptParsed',
  params: {
    scriptId: '18',
    url: 'node-internal:events',
    startLine: 0,
    startColumn: 0,
    endLine: 780,
    endColumn: 0,
    executionContextId: 402670369,
    hash: '6862050030844728e171be7c17264bfcd300a1ff0ee0e00cd456a72cff18be1a',
    buildId: '',
    isLiveEdit: false,
    sourceMapURL: '',
    hasSourceURL: false,
    isModule: true,
    length: 28229,
    scriptLanguage: 'JavaScript',
    embedderName: 'node-internal:events'
  }
}
---

--- 2025-09-26T18:16:26.968Z debug
[InspectorProxyWorker] RUNTIME INCOMING MESSAGE {
  method: 'Debugger.scriptParsed',
  params: {
    scriptId: '19',
    url: 'node-internal:internal_buffer',
    startLine: 0,
    startColumn: 0,
    endLine: 1802,
    endColumn: 0,
    executionContextId: 402670369,
    hash: 'db9109597241f29615fa4d303c469c0c52a925a355257f01cc61d2c6bdbc6ea1',
    buildId: '',
    isLiveEdit: false,
    sourceMapURL: '',
    hasSourceURL: false,
    isModule: true,
    length: 62908,
    scriptLanguage: 'JavaScript',
    embedderName: 'node-internal:internal_buffer'
  }
}
---

--- 2025-09-26T18:16:26.968Z debug
[InspectorProxyWorker] RUNTIME INCOMING MESSAGE {
  method: 'Debugger.scriptParsed',
  params: {
    scriptId: '20',
    url: 'node-internal:internal_utils',
    startLine: 0,
    startColumn: 0,
    endLine: 328,
    endColumn: 0,
    executionContextId: 402670369,
    hash: '8cad89c88f5de314f899989330780c50119237eb02066a22964507d4c66f9fd0',
    buildId: '',
    isLiveEdit: false,
    sourceMapURL: '',
    hasSourceURL: false,
    isModule: true,
    length: 12493,
    scriptLanguage: 'JavaScript',
    embedderName: 'node-internal:internal_utils'
  }
}
---

--- 2025-09-26T18:16:26.968Z debug
[InspectorProxyWorker] RUNTIME INCOMING MESSAGE {
  method: 'Debugger.scriptParsed',
  params: {
    scriptId: '21',
    url: 'node-internal:internal_inspect',
    startLine: 0,
    startColumn: 0,
    endLine: 2475,
    endColumn: 0,
    executionContextId: 402670369,
    hash: '5da4bbb38f98fe06d6bfca446e383f5e59009469ef9aa1e8d228972e6864bb98',
    buildId: '',
    isLiveEdit: false,
    sourceMapURL: '',
    hasSourceURL: false,
    isModule: true,
    length: 94471,
    scriptLanguage: 'JavaScript',
    embedderName: 'node-internal:internal_inspect'
  }
}
---

--- 2025-09-26T18:16:26.968Z debug
[InspectorProxyWorker] RUNTIME INCOMING MESSAGE {
  method: 'Debugger.scriptParsed',
  params: {
    scriptId: '22',
    url: 'node-internal:internal_types',
    startLine: 0,
    startColumn: 0,
    endLine: 118,
    endColumn: 0,
    executionContextId: 402670369,
    hash: '65cc7262d944441d3188f24d27e046aa7b782eac144463a59ba551a76f3ce4c4',
    buildId: '',
    isLiveEdit: false,
    sourceMapURL: '',
    hasSourceURL: false,
    isModule: true,
    length: 5251,
    scriptLanguage: 'JavaScript',
    embedderName: 'node-internal:internal_types'
  }
}
---

--- 2025-09-26T18:16:26.968Z debug
[InspectorProxyWorker] RUNTIME INCOMING MESSAGE {
  method: 'Debugger.scriptParsed',
  params: {
    scriptId: '23',
    url: 'node-internal:crypto_util',
    startLine: 0,
    startColumn: 0,
    endLine: 96,
    endColumn: 0,
    executionContextId: 402670369,
    hash: 'd2d4cf6d0196290e6cbb95b74e9b8b8c280ea666c03e2547d8d5baf9a0a35895',
    buildId: '',
    isLiveEdit: false,
    sourceMapURL: '',
    hasSourceURL: false,
    isModule: true,
    length: 4035,
    scriptLanguage: 'JavaScript',
    embedderName: 'node-internal:crypto_util'
  }
}
---

--- 2025-09-26T18:16:26.968Z debug
[InspectorProxyWorker] RUNTIME INCOMING MESSAGE {
  method: 'Debugger.scriptParsed',
  params: {
    scriptId: '24',
    url: 'node-internal:internal_assert',
    startLine: 0,
    startColumn: 0,
    endLine: 671,
    endColumn: 0,
    executionContextId: 402670369,
    hash: 'a0c18e778b5996d1fdfce702491cceb519898328051cfa4631d88321bd1a28e3',
    buildId: '',
    isLiveEdit: false,
    sourceMapURL: '',
    hasSourceURL: false,
    isModule: true,
    length: 21960,
    scriptLanguage: 'JavaScript',
    embedderName: 'node-internal:internal_assert'
  }
}
---

--- 2025-09-26T18:16:26.969Z debug
[InspectorProxyWorker] RUNTIME INCOMING MESSAGE {
  method: 'Debugger.scriptParsed',
  params: {
    scriptId: '25',
    url: 'node-internal:internal_stringdecoder',
    startLine: 0,
    startColumn: 0,
    endLine: 128,
    endColumn: 0,
    executionContextId: 402670369,
    hash: '37a9e6c3a32fe257422cfc8c94dc4a5ac3180eb81c740806b00e8772ffc1839c',
    buildId: '',
    isLiveEdit: false,
    sourceMapURL: '',
    hasSourceURL: false,
    isModule: true,
    length: 4707,
    scriptLanguage: 'JavaScript',
    embedderName: 'node-internal:internal_stringdecoder'
  }
}
---

--- 2025-09-26T18:16:26.969Z debug
[InspectorProxyWorker] RUNTIME INCOMING MESSAGE {
  method: 'Debugger.scriptParsed',
  params: {
    scriptId: '26',
    url: 'node-internal:internal_assertionerror',
    startLine: 0,
    startColumn: 0,
    endLine: 467,
    endColumn: 0,
    executionContextId: 402670369,
    hash: 'c8ec9bae7e8a61e4a461ddd579e6d28e1b56a9814b54f85111d9929eb21d7fb1',
    buildId: '',
    isLiveEdit: false,
    sourceMapURL: '',
    hasSourceURL: false,
    isModule: true,
    length: 20078,
    scriptLanguage: 'JavaScript',
    embedderName: 'node-internal:internal_assertionerror'
  }
}
---

--- 2025-09-26T18:16:26.969Z debug
[InspectorProxyWorker] RUNTIME INCOMING MESSAGE {
  method: 'Debugger.scriptParsed',
  params: {
    scriptId: '27',
    url: 'node-internal:internal_diffs',
    startLine: 0,
    startColumn: 0,
    endLine: 316,
    endColumn: 0,
    executionContextId: 402670369,
    hash: '7776d45746451492cb0e50d7c92b2fa6f0d2c95fc181797c5691918f003b05da',
    buildId: '',
    isLiveEdit: false,
    sourceMapURL: '',
    hasSourceURL: false,
    isModule: true,
    length: 10984,
    scriptLanguage: 'JavaScript',
    embedderName: 'node-internal:internal_diffs'
  }
}
---

--- 2025-09-26T18:16:26.969Z debug
[InspectorProxyWorker] RUNTIME INCOMING MESSAGE {
  method: 'Debugger.scriptParsed',
  params: {
    scriptId: '28',
    url: 'node-internal:internal_comparisons',
    startLine: 0,
    startColumn: 0,
    endLine: 522,
    endColumn: 0,
    executionContextId: 402670369,
    hash: '28c414eba5fc3dc275b952cdf56dde62c57058db4e4d345bc2549e7d8c24ccc3',
    buildId: '',
    isLiveEdit: false,
    sourceMapURL: '',
    hasSourceURL: false,
    isModule: true,
    length: 19181,
    scriptLanguage: 'JavaScript',
    embedderName: 'node-internal:internal_comparisons'
  }
}
---

--- 2025-09-26T18:16:26.969Z debug
[InspectorProxyWorker] RUNTIME INCOMING MESSAGE {
  method: 'Debugger.scriptParsed',
  params: {
    scriptId: '29',
    url: 'node-internal:legacy_process',
    startLine: 0,
    startColumn: 0,
    endLine: 26,
    endColumn: 0,
    executionContextId: 402670369,
    hash: '07654154e7bffa2a8849b49dbfe0459166ebea63c51233ee7bd70c4f6f45e466',
    buildId: '',
    isLiveEdit: false,
    sourceMapURL: '',
    hasSourceURL: false,
    isModule: true,
    length: 901,
    scriptLanguage: 'JavaScript',
    embedderName: 'node-internal:legacy_process'
  }
}
---

--- 2025-09-26T18:16:26.969Z debug
[InspectorProxyWorker] RUNTIME INCOMING MESSAGE {
  id: 100000002,
  result: { debuggerId: '1677666709657095087.992838258611794256' }
}
---

--- 2025-09-26T18:16:26.970Z debug
[InspectorProxyWorker] RUNTIME INCOMING MESSAGE { id: 100000003, method: 'Network.enable', result: {} }
---
